c:\users\kevin chagoya\documents\documentos ito\8vosemestre\graficación\unidad iii\snake3d\debug\vc141.pdb
c:\users\kevin chagoya\documents\documentos ito\8vosemestre\graficación\unidad iii\snake3d\debug\vc141.idb
c:\users\kevin chagoya\documents\documentos ito\8vosemestre\graficación\unidad iii\snake3d\debug\stdafx.obj
c:\users\kevin chagoya\documents\documentos ito\8vosemestre\graficación\unidad iii\snake3d\debug\imageloader.obj
c:\users\kevin chagoya\documents\documentos ito\8vosemestre\graficación\unidad iii\snake3d\debug\snake3d.obj
c:\users\lenovo\documents\10 semestre\4-scc1010 - graficacion (6sa) 11-12\unidad 4\juego glut de unidad\juego serpiente final\snake3d\debug\vc140.pdb
c:\users\lenovo\documents\10 semestre\4-scc1010 - graficacion (6sa) 11-12\unidad 4\juego glut de unidad\juego serpiente final\snake3d\debug\vc140.idb
c:\users\lenovo\documents\10 semestre\4-scc1010 - graficacion (6sa) 11-12\unidad 4\juego glut de unidad\juego serpiente final\snake3d\debug\imageloader.obj
c:\users\lenovo\documents\10 semestre\4-scc1010 - graficacion (6sa) 11-12\unidad 4\juego glut de unidad\juego serpiente final\snake3d\debug\snake3d.obj
c:\users\kevin chagoya\documents\documentos ito\8vosemestre\graficación\unidad iii\snake3d\debug\snake3d.exe
c:\users\kevin chagoya\documents\documentos ito\8vosemestre\graficación\unidad iii\snake3d\debug\snake3d.ilk
c:\users\kevin chagoya\documents\documentos ito\8vosemestre\graficación\unidad iii\snake3d\debug\snake3d.pdb
c:\users\lenovo\documents\10 semestre\4-scc1010 - graficacion (6sa) 11-12\unidad 4\juego glut de unidad\juego serpiente final\snake3d\debug\stdafx.obj
c:\users\lenovo\documents\10 semestre\4-scc1010 - graficacion (6sa) 11-12\unidad 4\juego glut de unidad\juego serpiente final\snake3d\debug\snake3d.ilk
c:\users\lenovo\documents\10 semestre\4-scc1010 - graficacion (6sa) 11-12\unidad 4\juego glut de unidad\juego serpiente final\snake3d\debug\vc141.idb
c:\users\lenovo\documents\10 semestre\4-scc1010 - graficacion (6sa) 11-12\unidad 4\juego glut de unidad\juego serpiente final\snake3d\debug\snake3d.pdb
c:\users\lenovo\documents\10 semestre\4-scc1010 - graficacion (6sa) 11-12\unidad 4\juego glut de unidad\juego serpiente final\snake3d\debug\vc141.pdb
c:\users\lenovo\documents\10 semestre\4-scc1010 - graficacion (6sa) 11-12\unidad 4\juego glut de unidad\juego serpiente final\snake3d\debug\snake3d.exe
c:\users\lenovo\documents\10 semestre\4-scc1010 - graficacion (6sa) 11-12\unidad 4\juego glut de unidad\juego serpiente final\snake3d\debug\snake3d.tlog\cl.command.1.tlog
c:\users\lenovo\documents\10 semestre\4-scc1010 - graficacion (6sa) 11-12\unidad 4\juego glut de unidad\juego serpiente final\snake3d\debug\snake3d.tlog\cl.read.1.tlog
c:\users\lenovo\documents\10 semestre\4-scc1010 - graficacion (6sa) 11-12\unidad 4\juego glut de unidad\juego serpiente final\snake3d\debug\snake3d.tlog\cl.write.1.tlog
c:\users\lenovo\documents\10 semestre\4-scc1010 - graficacion (6sa) 11-12\unidad 4\juego glut de unidad\juego serpiente final\snake3d\debug\snake3d.tlog\link.command.1.tlog
c:\users\lenovo\documents\10 semestre\4-scc1010 - graficacion (6sa) 11-12\unidad 4\juego glut de unidad\juego serpiente final\snake3d\debug\snake3d.tlog\link.read.1.tlog
c:\users\lenovo\documents\10 semestre\4-scc1010 - graficacion (6sa) 11-12\unidad 4\juego glut de unidad\juego serpiente final\snake3d\debug\snake3d.tlog\link.write.1.tlog
